# JRE version: OpenJDK Runtime Environment (8.0_152-b01) (build 1.8.0_152-release-1248-b01)
# Java VM: OpenJDK 64-Bit Server VM (25.152-b01 mixed mode bsd-amd64 compressed oops)
Heap:
 PSYoungGen      total 59392K, used 50133K [0x00000007a0000000, 0x00000007a5900000, 0x00000007c0000000)
  eden space 48128K, 88% used [0x00000007a0000000,0x00000007a2998af0,0x00000007a2f00000)
  from space 11264K, 66% used [0x00000007a2f00000,0x00000007a365cc48,0x00000007a3a00000)
  to   space 11264K, 52% used [0x00000007a4e00000,0x00000007a53cc010,0x00000007a5900000)
 ParOldGen       total 67072K, used 10001K [0x0000000760000000, 0x0000000764180000, 0x00000007a0000000)
  object space 67072K, 14% used [0x0000000760000000,0x00000007609c4748,0x0000000764180000)
 Metaspace       used 34834K, capacity 35340K, committed 35416K, reserved 1079296K
  class space    used 4790K, capacity 4987K, committed 4992K, reserved 1048576K
GC Heap History (10 events):
Event: 3.488 GC heap after
Heap after GC invocations=4 (full 0):
 PSYoungGen      total 38400K, used 5099K [0x00000007a0000000, 0x00000007a2a80000, 0x00000007c0000000)
  eden space 33280K, 0% used [0x00000007a0000000,0x00000007a0000000,0x00000007a2080000)
  from space 5120K, 99% used [0x00000007a2580000,0x00000007a2a7afd0,0x00000007a2a80000)
  to   space 5120K, 0% used [0x00000007a2080000,0x00000007a2080000,0x00000007a2580000)
 ParOldGen       total 87552K, used 8715K [0x0000000760000000, 0x0000000765580000, 0x00000007a0000000)
  object space 87552K, 9% used [0x0000000760000000,0x0000000760882f28,0x0000000765580000)
 Metaspace       used 20876K, capacity 21122K, committed 21248K, reserved 1067008K
  class space    used 2825K, capacity 2946K, committed 3072K, reserved 1048576K
}
Event: 3.488 GC heap before
{Heap before GC invocations=5 (full 1):
 PSYoungGen      total 38400K, used 5099K [0x00000007a0000000, 0x00000007a2a80000, 0x00000007c0000000)
  eden space 33280K, 0% used [0x00000007a0000000,0x00000007a0000000,0x00000007a2080000)
  from space 5120K, 99% used [0x00000007a2580000,0x00000007a2a7afd0,0x00000007a2a80000)
  to   space 5120K, 0% used [0x00000007a2080000,0x00000007a2080000,0x00000007a2580000)
 ParOldGen       total 87552K, used 8715K [0x0000000760000000, 0x0000000765580000, 0x00000007a0000000)
  object space 87552K, 9% used [0x0000000760000000,0x0000000760882f28,0x0000000765580000)
 Metaspace       used 20876K, capacity 21122K, committed 21248K, reserved 1067008K
  class space    used 2825K, capacity 2946K, committed 3072K, reserved 1048576K
Event: 3.518 GC heap after
Heap after GC invocations=5 (full 1):
 PSYoungGen      total 38400K, used 0K [0x00000007a0000000, 0x00000007a2a80000, 0x00000007c0000000)
  eden space 33280K, 0% used [0x00000007a0000000,0x00000007a0000000,0x00000007a2080000)
  from space 5120K, 0% used [0x00000007a2580000,0x00000007a2580000,0x00000007a2a80000)
  to   space 5120K, 0% used [0x00000007a2080000,0x00000007a2080000,0x00000007a2580000)
 ParOldGen       total 67072K, used 9977K [0x0000000760000000, 0x0000000764180000, 0x00000007a0000000)
  object space 67072K, 14% used [0x0000000760000000,0x00000007609be748,0x0000000764180000)
 Metaspace       used 20876K, capacity 21122K, committed 21248K, reserved 1067008K
  class space    used 2825K, capacity 2946K, committed 3072K, reserved 1048576K
}
Event: 4.259 GC heap before
{Heap before GC invocations=6 (full 1):
 PSYoungGen      total 38400K, used 33280K [0x00000007a0000000, 0x00000007a2a80000, 0x00000007c0000000)
  eden space 33280K, 100% used [0x00000007a0000000,0x00000007a2080000,0x00000007a2080000)
  from space 5120K, 0% used [0x00000007a2580000,0x00000007a2580000,0x00000007a2a80000)
  to   space 5120K, 0% used [0x00000007a2080000,0x00000007a2080000,0x00000007a2580000)
 ParOldGen       total 67072K, used 9977K [0x0000000760000000, 0x0000000764180000, 0x00000007a0000000)
  object space 67072K, 14% used [0x0000000760000000,0x00000007609be748,0x0000000764180000)
 Metaspace       used 23952K, capacity 24322K, committed 24448K, reserved 1071104K
  class space    used 3280K, capacity 3437K, committed 3456K, reserved 1048576K
Event: 4.262 GC heap after
Heap after GC invocations=6 (full 1):
 PSYoungGen      total 38400K, used 4255K [0x00000007a0000000, 0x00000007a4580000, 0x00000007c0000000)
  eden space 33280K, 0% used [0x00000007a0000000,0x00000007a0000000,0x00000007a2080000)
  from space 5120K, 83% used [0x00000007a2080000,0x00000007a24a7da8,0x00000007a2580000)
  to   space 11776K, 0% used [0x00000007a3a00000,0x00000007a3a00000,0x00000007a4580000)
 ParOldGen       total 67072K, used 9977K [0x0000000760000000, 0x0000000764180000, 0x00000007a0000000)
  object space 67072K, 14% used [0x0000000760000000,0x00000007609be748,0x0000000764180000)
 Metaspace       used 23952K, capacity 24322K, committed 24448K, reserved 1071104K
  class space    used 3280K, capacity 3437K, committed 3456K, reserved 1048576K
}
Event: 4.828 GC heap before
{Heap before GC invocations=7 (full 1):
 PSYoungGen      total 38400K, used 37535K [0x00000007a0000000, 0x00000007a4580000, 0x00000007c0000000)
  eden space 33280K, 100% used [0x00000007a0000000,0x00000007a2080000,0x00000007a2080000)
  from space 5120K, 83% used [0x00000007a2080000,0x00000007a24a7da8,0x00000007a2580000)
  to   space 11776K, 0% used [0x00000007a3a00000,0x00000007a3a00000,0x00000007a4580000)
 ParOldGen       total 67072K, used 9977K [0x0000000760000000, 0x0000000764180000, 0x00000007a0000000)
  object space 67072K, 14% used [0x0000000760000000,0x00000007609be748,0x0000000764180000)
 Metaspace       used 26262K, capacity 26598K, committed 26880K, reserved 1073152K
  class space    used 3630K, capacity 3768K, committed 3840K, reserved 1048576K
Event: 4.832 GC heap after
Heap after GC invocations=7 (full 1):
 PSYoungGen      total 59392K, used 4496K [0x00000007a0000000, 0x00000007a4500000, 0x00000007c0000000)
  eden space 48128K, 0% used [0x00000007a0000000,0x00000007a0000000,0x00000007a2f00000)
  from space 11264K, 39% used [0x00000007a3a00000,0x00000007a3e640c8,0x00000007a4500000)
  to   space 11264K, 0% used [0x00000007a2f00000,0x00000007a2f00000,0x00000007a3a00000)
 ParOldGen       total 67072K, used 9985K [0x0000000760000000, 0x0000000764180000, 0x00000007a0000000)
  object space 67072K, 14% used [0x0000000760000000,0x00000007609c0748,0x0000000764180000)
 Metaspace       used 26262K, capacity 26598K, committed 26880K, reserved 1073152K
  class space    used 3630K, capacity 3768K, committed 3840K, reserved 1048576K
}
Event: 6.245 GC heap before
{Heap before GC invocations=8 (full 1):
 PSYoungGen      total 59392K, used 52624K [0x00000007a0000000, 0x00000007a4500000, 0x00000007c0000000)
  eden space 48128K, 100% used [0x00000007a0000000,0x00000007a2f00000,0x00000007a2f00000)
  from space 11264K, 39% used [0x00000007a3a00000,0x00000007a3e640c8,0x00000007a4500000)
  to   space 11264K, 0% used [0x00000007a2f00000,0x00000007a2f00000,0x00000007a3a00000)
 ParOldGen       total 67072K, used 9985K [0x0000000760000000, 0x0000000764180000, 0x00000007a0000000)
  object space 67072K, 14% used [0x0000000760000000,0x00000007609c0748,0x0000000764180000)
 Metaspace       used 28730K, capacity 29248K, committed 29312K, reserved 1075200K
  class space    used 4000K, capacity 4186K, committed 4224K, reserved 1048576K
Event: 6.252 GC heap after
Heap after GC invocations=8 (full 1):
 PSYoungGen      total 59392K, used 7539K [0x00000007a0000000, 0x00000007a5900000, 0x00000007c0000000)
  eden space 48128K, 0% used [0x00000007a0000000,0x00000007a0000000,0x00000007a2f00000)
  from space 11264K, 66% used [0x00000007a2f00000,0x00000007a365cc48,0x00000007a3a00000)
  to   space 11264K, 0% used [0x00000007a4e00000,0x00000007a4e00000,0x00000007a5900000)
 ParOldGen       total 67072K, used 9993K [0x0000000760000000, 0x0000000764180000, 0x00000007a0000000)
  object space 67072K, 14% used [0x0000000760000000,0x00000007609c2748,0x0000000764180000)
 Metaspace       used 28730K, capacity 29248K, committed 29312K, reserved 1075200K
  class space    used 4000K, capacity 4186K, committed 4224K, reserved 1048576K
}
Event: 7.354 GC heap before
{Heap before GC invocations=9 (full 1):
 PSYoungGen      total 59392K, used 50133K [0x00000007a0000000, 0x00000007a5900000, 0x00000007c0000000)
  eden space 48128K, 88% used [0x00000007a0000000,0x00000007a2998af0,0x00000007a2f00000)
  from space 11264K, 66% used [0x00000007a2f00000,0x00000007a365cc48,0x00000007a3a00000)
  to   space 11264K, 0% used [0x00000007a4e00000,0x00000007a4e00000,0x00000007a5900000)
 ParOldGen       total 67072K, used 9993K [0x0000000760000000, 0x0000000764180000, 0x00000007a0000000)
  object space 67072K, 14% used [0x0000000760000000,0x00000007609c2748,0x0000000764180000)
 Metaspace       used 34834K, capacity 35340K, committed 35416K, reserved 1079296K
  class space    used 4790K, capacity 4987K, committed 4992K, reserved 1048576K

